Base path: C:/Program Files/Unity/Editor/Data
Cmd: getPlatforms
Cmd: compileSnippet
  api=1 type=0 insize=2508 outsize=788 kw=STEREO_DEBUG_OFF APPLY_GAMMA pd=UNITY_ENABLE_REFLECTION_BUFFERS UNITY_PBS_USE_BRDF1 UNITY_SPECCUBE_BOX_PROJECTION UNITY_SPECCUBE_BLENDING SHADER_API_DESKTOP UNITY_COLORSPACE_GAMMA ok=1
Cmd: disassembleShader
  api=10 insize=788 outsize=1294 ok=1
Cmd: compileSnippet
  api=8 type=1 insize=2508 outsize=666 kw=STEREO_DEBUG_OFF APPLY_GAMMA pd=UNITY_NO_SCREENSPACE_SHADOWS UNITY_ENABLE_REFLECTION_BUFFERS UNITY_PBS_USE_BRDF1 UNITY_SPECCUBE_BOX_PROJECTION UNITY_SPECCUBE_BLENDING SHADER_API_MOBILE SHADER_API_DESKTOP UNITY_COLORSPACE_GAMMA ok=1
Cmd: disassembleShader
  api=14 insize=666 outsize=1759 ok=1
Cmd: compileSnippet
  api=1 type=0 insize=4204 outsize=412 kw=MONOSCOPIC STEREO_DEBUG_OFF HIGH_QUALITY_OFF APPLY_GAMMA USE_YPCBCR_OFF pd=UNITY_ENABLE_REFLECTION_BUFFERS UNITY_PBS_USE_BRDF1 UNITY_SPECCUBE_BOX_PROJECTION UNITY_SPECCUBE_BLENDING SHADER_API_DESKTOP UNITY_COLORSPACE_GAMMA ok=1
Cmd: disassembleShader
  api=10 insize=412 outsize=688 ok=1
Cmd: disassembleShader
  api=15 insize=486 outsize=1136 ok=1
Cmd: compileSnippet
  api=1 type=0 insize=4204 outsize=436 kw=MONOSCOPIC STEREO_DEBUG HIGH_QUALITY_OFF APPLY_GAMMA_OFF USE_YPCBCR_OFF pd=UNITY_ENABLE_REFLECTION_BUFFERS UNITY_PBS_USE_BRDF1 UNITY_SPECCUBE_BOX_PROJECTION UNITY_SPECCUBE_BLENDING SHADER_API_DESKTOP UNITY_COLORSPACE_GAMMA ok=1
Cmd: disassembleShader
  api=10 insize=436 outsize=728 ok=1
Cmd: compileSnippet
  api=1 type=0 insize=4204 outsize=436 kw=MONOSCOPIC STEREO_DEBUG HIGH_QUALITY_OFF APPLY_GAMMA USE_YPCBCR pd=UNITY_ENABLE_REFLECTION_BUFFERS UNITY_PBS_USE_BRDF1 UNITY_SPECCUBE_BOX_PROJECTION UNITY_SPECCUBE_BLENDING SHADER_API_DESKTOP UNITY_COLORSPACE_GAMMA ok=1
Cmd: disassembleShader
  api=10 insize=436 outsize=728 ok=1
Cmd: compileSnippet
  api=4 type=0 insize=4204 outsize=558 kw=MONOSCOPIC STEREO_DEBUG HIGH_QUALITY APPLY_GAMMA USE_YPCBCR_OFF pd=UNITY_ENABLE_REFLECTION_BUFFERS UNITY_PBS_USE_BRDF1 UNITY_SPECCUBE_BOX_PROJECTION UNITY_SPECCUBE_BLENDING SHADER_API_DESKTOP UNITY_COLORSPACE_GAMMA ok=1
Cmd: disassembleShader
  api=15 insize=558 outsize=1289 ok=1
Cmd: disassembleShader
  api=15 insize=946 outsize=1815 ok=1
Cmd: compileSnippet
  api=1 type=0 insize=4204 outsize=672 kw=STEREO_TOP_BOTTOM STEREO_DEBUG_OFF HIGH_QUALITY APPLY_GAMMA USE_YPCBCR pd=UNITY_ENABLE_REFLECTION_BUFFERS UNITY_PBS_USE_BRDF1 UNITY_SPECCUBE_BOX_PROJECTION UNITY_SPECCUBE_BLENDING SHADER_API_DESKTOP UNITY_COLORSPACE_GAMMA ok=1
Cmd: disassembleShader
  api=10 insize=672 outsize=1115 ok=1
Cmd: compileSnippet
  api=1 type=0 insize=4204 outsize=804 kw=STEREO_TOP_BOTTOM STEREO_DEBUG HIGH_QUALITY_OFF APPLY_GAMMA USE_YPCBCR_OFF pd=UNITY_ENABLE_REFLECTION_BUFFERS UNITY_PBS_USE_BRDF1 UNITY_SPECCUBE_BOX_PROJECTION UNITY_SPECCUBE_BLENDING SHADER_API_DESKTOP UNITY_COLORSPACE_GAMMA ok=1
Cmd: disassembleShader
  api=10 insize=804 outsize=1310 ok=1
Cmd: compileSnippet
  api=4 type=0 insize=4204 outsize=1094 kw=STEREO_TOP_BOTTOM STEREO_DEBUG HIGH_QUALITY APPLY_GAMMA_OFF USE_YPCBCR pd=UNITY_ENABLE_REFLECTION_BUFFERS UNITY_PBS_USE_BRDF1 UNITY_SPECCUBE_BOX_PROJECTION UNITY_SPECCUBE_BLENDING SHADER_API_DESKTOP UNITY_COLORSPACE_GAMMA ok=1
Cmd: disassembleShader
  api=15 insize=1094 outsize=2043 ok=1
Cmd: compileSnippet
  api=1 type=0 insize=4204 outsize=752 kw=STEREO_LEFT_RIGHT STEREO_DEBUG_OFF HIGH_QUALITY_OFF APPLY_GAMMA USE_YPCBCR_OFF pd=UNITY_ENABLE_REFLECTION_BUFFERS UNITY_PBS_USE_BRDF1 UNITY_SPECCUBE_BOX_PROJECTION UNITY_SPECCUBE_BLENDING SHADER_API_DESKTOP UNITY_COLORSPACE_GAMMA ok=1
Cmd: disassembleShader
  api=10 insize=752 outsize=1221 ok=1
Cmd: compileSnippet
  api=1 type=0 insize=4204 outsize=672 kw=STEREO_LEFT_RIGHT STEREO_DEBUG_OFF HIGH_QUALITY APPLY_GAMMA_OFF USE_YPCBCR pd=UNITY_ENABLE_REFLECTION_BUFFERS UNITY_PBS_USE_BRDF1 UNITY_SPECCUBE_BOX_PROJECTION UNITY_SPECCUBE_BLENDING SHADER_API_DESKTOP UNITY_COLORSPACE_GAMMA ok=1
Cmd: disassembleShader
  api=10 insize=672 outsize=1115 ok=1
Cmd: compileSnippet
  api=4 type=0 insize=4204 outsize=1154 kw=STEREO_LEFT_RIGHT STEREO_DEBUG HIGH_QUALITY_OFF APPLY_GAMMA_OFF USE_YPCBCR_OFF pd=UNITY_ENABLE_REFLECTION_BUFFERS UNITY_PBS_USE_BRDF1 UNITY_SPECCUBE_BOX_PROJECTION UNITY_SPECCUBE_BLENDING SHADER_API_DESKTOP UNITY_COLORSPACE_GAMMA ok=1
Cmd: disassembleShader
  api=15 insize=1154 outsize=2061 ok=1
Cmd: compileSnippet
  api=1 type=0 insize=4204 outsize=724 kw=STEREO_LEFT_RIGHT STEREO_DEBUG HIGH_QUALITY APPLY_GAMMA USE_YPCBCR_OFF pd=UNITY_ENABLE_REFLECTION_BUFFERS UNITY_PBS_USE_BRDF1 UNITY_SPECCUBE_BOX_PROJECTION UNITY_SPECCUBE_BLENDING SHADER_API_DESKTOP UNITY_COLORSPACE_GAMMA ok=1
Cmd: disassembleShader
  api=10 insize=724 outsize=1199 ok=1
Cmd: compileSnippet
  api=4 type=1 insize=4204 outsize=602 kw=MONOSCOPIC STEREO_DEBUG_OFF HIGH_QUALITY_OFF APPLY_GAMMA USE_YPCBCR_OFF pd=UNITY_ENABLE_REFLECTION_BUFFERS UNITY_PBS_USE_BRDF1 UNITY_SPECCUBE_BOX_PROJECTION UNITY_SPECCUBE_BLENDING SHADER_API_DESKTOP UNITY_COLORSPACE_GAMMA ok=1
Cmd: disassembleShader
  api=17 insize=602 outsize=1355 ok=1
Cmd: compileSnippet
  api=1 type=1 insize=4204 outsize=1276 kw=MONOSCOPIC STEREO_DEBUG_OFF HIGH_QUALITY APPLY_GAMMA USE_YPCBCR_OFF pd=UNITY_ENABLE_REFLECTION_BUFFERS UNITY_PBS_USE_BRDF1 UNITY_SPECCUBE_BOX_PROJECTION UNITY_SPECCUBE_BLENDING SHADER_API_DESKTOP UNITY_COLORSPACE_GAMMA ok=1
Cmd: disassembleShader
  api=12 insize=1276 outsize=2250 ok=1
Cmd: compileSnippet
  api=1 type=1 insize=4204 outsize=1104 kw=MONOSCOPIC STEREO_DEBUG HIGH_QUALITY APPLY_GAMMA_OFF USE_YPCBCR_OFF pd=UNITY_ENABLE_REFLECTION_BUFFERS UNITY_PBS_USE_BRDF1 UNITY_SPECCUBE_BOX_PROJECTION UNITY_SPECCUBE_BLENDING SHADER_API_DESKTOP UNITY_COLORSPACE_GAMMA ok=1
Cmd: disassembleShader
  api=12 insize=1104 outsize=1937 ok=1
Cmd: disassembleShader
  api=17 insize=346 outsize=940 ok=1
Cmd: compileSnippet
  api=1 type=1 insize=4204 outsize=424 kw=STEREO_TOP_BOTTOM STEREO_DEBUG_OFF HIGH_QUALITY_OFF APPLY_GAMMA_OFF USE_YPCBCR pd=UNITY_ENABLE_REFLECTION_BUFFERS UNITY_PBS_USE_BRDF1 UNITY_SPECCUBE_BOX_PROJECTION UNITY_SPECCUBE_BLENDING SHADER_API_DESKTOP UNITY_COLORSPACE_GAMMA ok=1
Cmd: disassembleShader
  api=12 insize=424 outsize=738 ok=1
Cmd: compileSnippet
  api=1 type=1 insize=4204 outsize=812 kw=STEREO_TOP_BOTTOM STEREO_DEBUG_OFF HIGH_QUALITY_OFF APPLY_GAMMA USE_YPCBCR pd=UNITY_ENABLE_REFLECTION_BUFFERS UNITY_PBS_USE_BRDF1 UNITY_SPECCUBE_BOX_PROJECTION UNITY_SPECCUBE_BLENDING SHADER_API_DESKTOP UNITY_COLORSPACE_GAMMA ok=1
Cmd: disassembleShader
  api=12 insize=812 outsize=1459 ok=1
Cmd: compileSnippet
  api=4 type=1 insize=4204 outsize=2714 kw=STEREO_TOP_BOTTOM STEREO_DEBUG_OFF HIGH_QUALITY APPLY_GAMMA USE_YPCBCR pd=UNITY_ENABLE_REFLECTION_BUFFERS UNITY_PBS_USE_BRDF1 UNITY_SPECCUBE_BOX_PROJECTION UNITY_SPECCUBE_BLENDING SHADER_API_DESKTOP UNITY_COLORSPACE_GAMMA ok=1
Cmd: disassembleShader
  api=17 insize=2714 outsize=3766 ok=1
Cmd: compileSnippet
  api=1 type=1 insize=4204 outsize=1136 kw=STEREO_TOP_BOTTOM STEREO_DEBUG HIGH_QUALITY APPLY_GAMMA_OFF USE_YPCBCR_OFF pd=UNITY_ENABLE_REFLECTION_BUFFERS UNITY_PBS_USE_BRDF1 UNITY_SPECCUBE_BOX_PROJECTION UNITY_SPECCUBE_BLENDING SHADER_API_DESKTOP UNITY_COLORSPACE_GAMMA ok=1
Cmd: disassembleShader
  api=12 insize=1136 outsize=1989 ok=1
Cmd: compileSnippet
  api=1 type=1 insize=4204 outsize=424 kw=STEREO_LEFT_RIGHT STEREO_DEBUG_OFF HIGH_QUALITY_OFF APPLY_GAMMA_OFF USE_YPCBCR pd=UNITY_ENABLE_REFLECTION_BUFFERS UNITY_PBS_USE_BRDF1 UNITY_SPECCUBE_BOX_PROJECTION UNITY_SPECCUBE_BLENDING SHADER_API_DESKTOP UNITY_COLORSPACE_GAMMA ok=1
Cmd: disassembleShader
  api=12 insize=424 outsize=738 ok=1
Cmd: compileSnippet
  api=4 type=1 insize=4204 outsize=1218 kw=STEREO_LEFT_RIGHT STEREO_DEBUG_OFF HIGH_QUALITY_OFF APPLY_GAMMA USE_YPCBCR pd=UNITY_ENABLE_REFLECTION_BUFFERS UNITY_PBS_USE_BRDF1 UNITY_SPECCUBE_BOX_PROJECTION UNITY_SPECCUBE_BLENDING SHADER_API_DESKTOP UNITY_COLORSPACE_GAMMA ok=1
Cmd: disassembleShader
  api=17 insize=1218 outsize=2084 ok=1
Cmd: compileSnippet
  api=1 type=1 insize=4204 outsize=1728 kw=STEREO_LEFT_RIGHT STEREO_DEBUG_OFF HIGH_QUALITY APPLY_GAMMA USE_YPCBCR pd=UNITY_ENABLE_REFLECTION_BUFFERS UNITY_PBS_USE_BRDF1 UNITY_SPECCUBE_BOX_PROJECTION UNITY_SPECCUBE_BLENDING SHADER_API_DESKTOP UNITY_COLORSPACE_GAMMA ok=1
Cmd: disassembleShader
  api=12 insize=1728 outsize=3024 ok=1
Cmd: compileSnippet
  api=1 type=1 insize=4204 outsize=1336 kw=STEREO_LEFT_RIGHT STEREO_DEBUG HIGH_QUALITY APPLY_GAMMA USE_YPCBCR_OFF pd=UNITY_ENABLE_REFLECTION_BUFFERS UNITY_PBS_USE_BRDF1 UNITY_SPECCUBE_BOX_PROJECTION UNITY_SPECCUBE_BLENDING SHADER_API_DESKTOP UNITY_COLORSPACE_GAMMA ok=1
Cmd: disassembleShader
  api=12 insize=1336 outsize=2348 ok=1
Cmd: disassembleShader
  api=10 insize=412 outsize=688 ok=1
Cmd: disassembleShader
  api=15 insize=486 outsize=1136 ok=1
Cmd: disassembleShader
  api=10 insize=436 outsize=728 ok=1
Cmd: disassembleShader
  api=15 insize=558 outsize=1289 ok=1
Cmd: disassembleShader
  api=15 insize=1006 outsize=1833 ok=1
Cmd: disassembleShader
  api=10 insize=804 outsize=1310 ok=1
Cmd: disassembleShader
  api=10 insize=724 outsize=1199 ok=1
Cmd: disassembleShader
  api=10 insize=724 outsize=1199 ok=1
Cmd: disassembleShader
  api=10 insize=752 outsize=1221 ok=1
Cmd: disassembleShader
  api=10 insize=752 outsize=1221 ok=1
Cmd: disassembleShader
  api=10 insize=672 outsize=1115 ok=1
Cmd: disassembleShader
  api=10 insize=804 outsize=1305 ok=1
Cmd: disassembleShader
  api=10 insize=724 outsize=1199 ok=1
Cmd: disassembleShader
  api=17 insize=602 outsize=1355 ok=1
Cmd: disassembleShader
  api=12 insize=1276 outsize=2250 ok=1
Cmd: disassembleShader
  api=12 insize=420 outsize=792 ok=1
Cmd: disassembleShader
  api=12 insize=1304 outsize=2296 ok=1
Cmd: disassembleShader
  api=12 insize=392 outsize=746 ok=1
Cmd: disassembleShader
  api=12 insize=1308 outsize=2302 ok=1
Cmd: disassembleShader
  api=12 insize=420 outsize=792 ok=1
Cmd: disassembleShader
  api=12 insize=1336 outsize=2348 ok=1
Cmd: disassembleShader
  api=12 insize=392 outsize=746 ok=1
Cmd: disassembleShader
  api=12 insize=452 outsize=783 ok=1
Cmd: disassembleShader
  api=12 insize=1368 outsize=2340 ok=1
Cmd: disassembleShader
  api=15 insize=582 outsize=1269 ok=1
Cmd: disassembleShader
  api=10 insize=304 outsize=543 ok=1
Cmd: disassembleShader
  api=15 insize=654 outsize=1422 ok=1
Cmd: disassembleShader
  api=15 insize=558 outsize=1289 ok=1
Cmd: disassembleShader
  api=10 insize=752 outsize=1226 ok=1
Cmd: disassembleShader
  api=15 insize=1006 outsize=1833 ok=1
Cmd: disassembleShader
  api=10 insize=672 outsize=1115 ok=1
Cmd: disassembleShader
  api=10 insize=724 outsize=1199 ok=1
Cmd: disassembleShader
  api=15 insize=1094 outsize=2043 ok=1
Cmd: disassembleShader
  api=10 insize=672 outsize=1115 ok=1
Cmd: disassembleShader
  api=15 insize=1154 outsize=2061 ok=1
Cmd: disassembleShader
  api=15 insize=1094 outsize=2043 ok=1
Cmd: disassembleShader
  api=17 insize=346 outsize=940 ok=1
Cmd: disassembleShader
  api=12 insize=1308 outsize=2243 ok=1
Cmd: disassembleShader
  api=12 insize=452 outsize=783 ok=1
Cmd: disassembleShader
  api=12 insize=1336 outsize=2288 ok=1
Cmd: disassembleShader
  api=12 insize=424 outsize=738 ok=1
Cmd: disassembleShader
  api=12 insize=1340 outsize=2295 ok=1
Cmd: disassembleShader
  api=17 insize=1286 outsize=2222 ok=1
Cmd: disassembleShader
  api=17 insize=346 outsize=940 ok=1
Cmd: disassembleShader
  api=12 insize=812 outsize=1459 ok=1
Cmd: disassembleShader
  api=12 insize=1728 outsize=3024 ok=1
Cmd: disassembleShader
  api=12 insize=840 outsize=1504 ok=1
Cmd: disassembleShader
  api=12 insize=1756 outsize=3069 ok=1
Cmd: disassembleShader
  api=15 insize=582 outsize=1269 ok=1
Cmd: disassembleShader
  api=10 insize=304 outsize=543 ok=1
Cmd: disassembleShader
  api=15 insize=654 outsize=1422 ok=1
Cmd: disassembleShader
  api=10 insize=352 outsize=605 ok=1
Cmd: disassembleShader
  api=15 insize=946 outsize=1815 ok=1
Cmd: disassembleShader
  api=10 insize=804 outsize=1310 ok=1
Cmd: disassembleShader
  api=10 insize=724 outsize=1199 ok=1
Cmd: disassembleShader
  api=10 insize=752 outsize=1221 ok=1
Cmd: disassembleShader
  api=15 insize=946 outsize=1815 ok=1
Cmd: disassembleShader
  api=15 insize=1154 outsize=2061 ok=1
Cmd: disassembleShader
  api=15 insize=1094 outsize=2043 ok=1
Cmd: disassembleShader
  api=12 insize=812 outsize=1459 ok=1
Cmd: disassembleShader
  api=17 insize=2642 outsize=3619 ok=1
Cmd: disassembleShader
  api=17 insize=1286 outsize=2222 ok=1
Cmd: disassembleShader
  api=17 insize=1818 outsize=2587 ok=1
Cmd: disassembleShader
  api=17 insize=346 outsize=940 ok=1
Cmd: disassembleShader
  api=12 insize=1340 outsize=2295 ok=1
Cmd: disassembleShader
  api=12 insize=452 outsize=783 ok=1
Cmd: disassembleShader
  api=12 insize=1368 outsize=2340 ok=1
Cmd: disassembleShader
  api=12 insize=424 outsize=738 ok=1
Cmd: disassembleShader
  api=12 insize=1340 outsize=2295 ok=1
Cmd: disassembleShader
  api=12 insize=452 outsize=783 ok=1
Cmd: disassembleShader
  api=12 insize=1368 outsize=2340 ok=1
